mode: set
github.com/MarcelaCuellarML/backpack-bcgow6-marcela-cuellar/GoTesting/GoWebTest/GoWeb/internal/products/productsRepository.go:16.55,20.2 1 1
github.com/MarcelaCuellarML/backpack-bcgow6-marcela-cuellar/GoTesting/GoWebTest/GoWeb/internal/products/productsRepository.go:33.67,35.16 2 1
github.com/MarcelaCuellarML/backpack-bcgow6-marcela-cuellar/GoTesting/GoWebTest/GoWeb/internal/products/productsRepository.go:38.2,38.22 1 1
github.com/MarcelaCuellarML/backpack-bcgow6-marcela-cuellar/GoTesting/GoWebTest/GoWeb/internal/products/productsRepository.go:35.16,37.3 1 0
github.com/MarcelaCuellarML/backpack-bcgow6-marcela-cuellar/GoTesting/GoWebTest/GoWeb/internal/products/productsRepository.go:42.79,44.16 2 0
github.com/MarcelaCuellarML/backpack-bcgow6-marcela-cuellar/GoTesting/GoWebTest/GoWeb/internal/products/productsRepository.go:47.2,48.32 2 0
github.com/MarcelaCuellarML/backpack-bcgow6-marcela-cuellar/GoTesting/GoWebTest/GoWeb/internal/products/productsRepository.go:60.2,60.32 1 0
github.com/MarcelaCuellarML/backpack-bcgow6-marcela-cuellar/GoTesting/GoWebTest/GoWeb/internal/products/productsRepository.go:44.16,46.3 1 0
github.com/MarcelaCuellarML/backpack-bcgow6-marcela-cuellar/GoTesting/GoWebTest/GoWeb/internal/products/productsRepository.go:48.32,49.20 1 0
github.com/MarcelaCuellarML/backpack-bcgow6-marcela-cuellar/GoTesting/GoWebTest/GoWeb/internal/products/productsRepository.go:49.20,58.4 8 0
github.com/MarcelaCuellarML/backpack-bcgow6-marcela-cuellar/GoTesting/GoWebTest/GoWeb/internal/products/productsRepository.go:64.96,68.16 3 0
github.com/MarcelaCuellarML/backpack-bcgow6-marcela-cuellar/GoTesting/GoWebTest/GoWeb/internal/products/productsRepository.go:71.2,73.49 3 0
github.com/MarcelaCuellarML/backpack-bcgow6-marcela-cuellar/GoTesting/GoWebTest/GoWeb/internal/products/productsRepository.go:76.2,76.21 1 0
github.com/MarcelaCuellarML/backpack-bcgow6-marcela-cuellar/GoTesting/GoWebTest/GoWeb/internal/products/productsRepository.go:68.16,70.3 1 0
github.com/MarcelaCuellarML/backpack-bcgow6-marcela-cuellar/GoTesting/GoWebTest/GoWeb/internal/products/productsRepository.go:73.49,75.3 1 0
github.com/MarcelaCuellarML/backpack-bcgow6-marcela-cuellar/GoTesting/GoWebTest/GoWeb/internal/products/productsRepository.go:80.60,82.16 2 0
github.com/MarcelaCuellarML/backpack-bcgow6-marcela-cuellar/GoTesting/GoWebTest/GoWeb/internal/products/productsRepository.go:85.2,87.19 3 0
github.com/MarcelaCuellarML/backpack-bcgow6-marcela-cuellar/GoTesting/GoWebTest/GoWeb/internal/products/productsRepository.go:82.16,84.3 1 0
github.com/MarcelaCuellarML/backpack-bcgow6-marcela-cuellar/GoTesting/GoWebTest/GoWeb/internal/products/productsRepository.go:91.106,93.16 2 1
github.com/MarcelaCuellarML/backpack-bcgow6-marcela-cuellar/GoTesting/GoWebTest/GoWeb/internal/products/productsRepository.go:96.2,96.37 1 1
github.com/MarcelaCuellarML/backpack-bcgow6-marcela-cuellar/GoTesting/GoWebTest/GoWeb/internal/products/productsRepository.go:101.2,102.16 2 1
github.com/MarcelaCuellarML/backpack-bcgow6-marcela-cuellar/GoTesting/GoWebTest/GoWeb/internal/products/productsRepository.go:105.2,106.24 2 1
github.com/MarcelaCuellarML/backpack-bcgow6-marcela-cuellar/GoTesting/GoWebTest/GoWeb/internal/products/productsRepository.go:93.16,95.3 1 0
github.com/MarcelaCuellarML/backpack-bcgow6-marcela-cuellar/GoTesting/GoWebTest/GoWeb/internal/products/productsRepository.go:96.37,97.27 1 1
github.com/MarcelaCuellarML/backpack-bcgow6-marcela-cuellar/GoTesting/GoWebTest/GoWeb/internal/products/productsRepository.go:97.27,99.4 1 1
github.com/MarcelaCuellarML/backpack-bcgow6-marcela-cuellar/GoTesting/GoWebTest/GoWeb/internal/products/productsRepository.go:102.16,104.3 1 0
github.com/MarcelaCuellarML/backpack-bcgow6-marcela-cuellar/GoTesting/GoWebTest/GoWeb/internal/products/productsRepository.go:110.80,112.16 2 1
github.com/MarcelaCuellarML/backpack-bcgow6-marcela-cuellar/GoTesting/GoWebTest/GoWeb/internal/products/productsRepository.go:115.2,115.37 1 1
github.com/MarcelaCuellarML/backpack-bcgow6-marcela-cuellar/GoTesting/GoWebTest/GoWeb/internal/products/productsRepository.go:120.2,121.16 2 1
github.com/MarcelaCuellarML/backpack-bcgow6-marcela-cuellar/GoTesting/GoWebTest/GoWeb/internal/products/productsRepository.go:124.2,125.22 2 1
github.com/MarcelaCuellarML/backpack-bcgow6-marcela-cuellar/GoTesting/GoWebTest/GoWeb/internal/products/productsRepository.go:112.16,114.3 1 0
github.com/MarcelaCuellarML/backpack-bcgow6-marcela-cuellar/GoTesting/GoWebTest/GoWeb/internal/products/productsRepository.go:115.37,116.27 1 1
github.com/MarcelaCuellarML/backpack-bcgow6-marcela-cuellar/GoTesting/GoWebTest/GoWeb/internal/products/productsRepository.go:116.27,118.4 1 1
github.com/MarcelaCuellarML/backpack-bcgow6-marcela-cuellar/GoTesting/GoWebTest/GoWeb/internal/products/productsRepository.go:121.16,123.3 1 0
github.com/MarcelaCuellarML/backpack-bcgow6-marcela-cuellar/GoTesting/GoWebTest/GoWeb/internal/products/productsRepository.go:129.85,132.16 3 0
github.com/MarcelaCuellarML/backpack-bcgow6-marcela-cuellar/GoTesting/GoWebTest/GoWeb/internal/products/productsRepository.go:135.2,135.37 1 0
github.com/MarcelaCuellarML/backpack-bcgow6-marcela-cuellar/GoTesting/GoWebTest/GoWeb/internal/products/productsRepository.go:144.2,145.16 2 0
github.com/MarcelaCuellarML/backpack-bcgow6-marcela-cuellar/GoTesting/GoWebTest/GoWeb/internal/products/productsRepository.go:148.2,149.21 2 0
github.com/MarcelaCuellarML/backpack-bcgow6-marcela-cuellar/GoTesting/GoWebTest/GoWeb/internal/products/productsRepository.go:132.16,134.3 1 0
github.com/MarcelaCuellarML/backpack-bcgow6-marcela-cuellar/GoTesting/GoWebTest/GoWeb/internal/products/productsRepository.go:135.37,136.27 1 0
github.com/MarcelaCuellarML/backpack-bcgow6-marcela-cuellar/GoTesting/GoWebTest/GoWeb/internal/products/productsRepository.go:136.27,141.4 2 0
github.com/MarcelaCuellarML/backpack-bcgow6-marcela-cuellar/GoTesting/GoWebTest/GoWeb/internal/products/productsRepository.go:145.16,147.3 1 0
github.com/MarcelaCuellarML/backpack-bcgow6-marcela-cuellar/GoTesting/GoWebTest/GoWeb/internal/products/productsService.go:13.56,17.2 1 1
github.com/MarcelaCuellarML/backpack-bcgow6-marcela-cuellar/GoTesting/GoWebTest/GoWeb/internal/products/productsService.go:29.63,31.16 2 0
github.com/MarcelaCuellarML/backpack-bcgow6-marcela-cuellar/GoTesting/GoWebTest/GoWeb/internal/products/productsService.go:34.2,34.16 1 0
github.com/MarcelaCuellarML/backpack-bcgow6-marcela-cuellar/GoTesting/GoWebTest/GoWeb/internal/products/productsService.go:31.16,33.3 1 0
github.com/MarcelaCuellarML/backpack-bcgow6-marcela-cuellar/GoTesting/GoWebTest/GoWeb/internal/products/productsService.go:38.75,40.16 2 0
github.com/MarcelaCuellarML/backpack-bcgow6-marcela-cuellar/GoTesting/GoWebTest/GoWeb/internal/products/productsService.go:43.2,43.16 1 0
github.com/MarcelaCuellarML/backpack-bcgow6-marcela-cuellar/GoTesting/GoWebTest/GoWeb/internal/products/productsService.go:40.16,42.3 1 0
github.com/MarcelaCuellarML/backpack-bcgow6-marcela-cuellar/GoTesting/GoWebTest/GoWeb/internal/products/productsService.go:47.150,53.16 6 0
github.com/MarcelaCuellarML/backpack-bcgow6-marcela-cuellar/GoTesting/GoWebTest/GoWeb/internal/products/productsService.go:56.2,56.16 1 0
github.com/MarcelaCuellarML/backpack-bcgow6-marcela-cuellar/GoTesting/GoWebTest/GoWeb/internal/products/productsService.go:53.16,55.3 1 0
github.com/MarcelaCuellarML/backpack-bcgow6-marcela-cuellar/GoTesting/GoWebTest/GoWeb/internal/products/productsService.go:60.152,65.16 5 1
github.com/MarcelaCuellarML/backpack-bcgow6-marcela-cuellar/GoTesting/GoWebTest/GoWeb/internal/products/productsService.go:68.2,68.16 1 1
github.com/MarcelaCuellarML/backpack-bcgow6-marcela-cuellar/GoTesting/GoWebTest/GoWeb/internal/products/productsService.go:65.16,67.3 1 0
github.com/MarcelaCuellarML/backpack-bcgow6-marcela-cuellar/GoTesting/GoWebTest/GoWeb/internal/products/productsService.go:71.76,75.16 4 1
github.com/MarcelaCuellarML/backpack-bcgow6-marcela-cuellar/GoTesting/GoWebTest/GoWeb/internal/products/productsService.go:78.2,78.16 1 1
github.com/MarcelaCuellarML/backpack-bcgow6-marcela-cuellar/GoTesting/GoWebTest/GoWeb/internal/products/productsService.go:75.16,77.3 1 0
github.com/MarcelaCuellarML/backpack-bcgow6-marcela-cuellar/GoTesting/GoWebTest/GoWeb/internal/products/productsService.go:81.81,84.16 3 0
github.com/MarcelaCuellarML/backpack-bcgow6-marcela-cuellar/GoTesting/GoWebTest/GoWeb/internal/products/productsService.go:87.2,87.16 1 0
github.com/MarcelaCuellarML/backpack-bcgow6-marcela-cuellar/GoTesting/GoWebTest/GoWeb/internal/products/productsService.go:84.16,86.3 1 0
